<?xml version="1.0" ?>
<testsuite errors="0" failures="0" name="UTestLink-20160831170357" tests="1" time="1.704">
	<testcase classname="UTestLink" name="test_close_21" time="1.704"/>
	<system-out>
<![CDATA[]]>	</system-out>
	<system-err>
<![CDATA[]]>	</system-err>
</testsuite>
