<?xml version="1.0" ?>
<testsuite errors="0" failures="0" name="UTestClient-20160831173615" tests="1" time="1.904">
	<testcase classname="UTestClient" name="test_join_room" time="1.904"/>
	<system-out>
<![CDATA[]]>	</system-out>
	<system-err>
<![CDATA[]]>	</system-err>
</testsuite>
