<?xml version="1.0" ?>
<testsuite errors="0" failures="0" name="UTestClient-20160912150611" tests="8" time="16.246">
	<testcase classname="UTestClient" name="test_10_clients" time="4.320"/>
	<testcase classname="UTestClient" name="test_client_close" time="1.303"/>
	<testcase classname="UTestClient" name="test_client_event" time="1.403"/>
	<testcase classname="UTestClient" name="test_client_send" time="1.303"/>
	<testcase classname="UTestClient" name="test_join_room" time="1.904"/>
	<testcase classname="UTestClient" name="test_room_callback" time="1.904"/>
	<testcase classname="UTestClient" name="test_server_event" time="1.403"/>
	<testcase classname="UTestClient" name="test_server_reinitialize" time="2.707"/>
	<system-out>
<![CDATA[]]>	</system-out>
	<system-err>
<![CDATA[]]>	</system-err>
</testsuite>
