<?xml version="1.0" ?>
<testsuite errors="0" failures="0" name="UTestClient-20160831173116" tests="1" time="2.304">
	<testcase classname="UTestClient" name="test_join_room" time="2.304"/>
	<system-out>
<![CDATA[]]>	</system-out>
	<system-err>
<![CDATA[]]>	</system-err>
</testsuite>
