<?xml version="1.0" ?>
<testsuite errors="0" failures="0" name="UTestClient-20160831171715" tests="1" time="0.802">
	<testcase classname="UTestClient" name="test_join_room" time="0.802"/>
	<system-out>
<![CDATA[]]>	</system-out>
	<system-err>
<![CDATA[]]>	</system-err>
</testsuite>
