<?xml version="1.0" ?>
<testsuite errors="0" failures="0" name="UTestLink-20160831170038" tests="1" time="1.204">
	<testcase classname="UTestLink" name="test_link_simple" time="1.204"/>
	<system-out>
<![CDATA[]]>	</system-out>
	<system-err>
<![CDATA[]]>	</system-err>
</testsuite>
