<?xml version="1.0" ?>
<testsuite errors="0" failures="0" name="UTestLink-20160831170401" tests="1" time="1.305">
	<testcase classname="UTestLink" name="test_close_11" time="1.305"/>
	<system-out>
<![CDATA[]]>	</system-out>
	<system-err>
<![CDATA[]]>	</system-err>
</testsuite>
