<?xml version="1.0" ?>
<testsuite errors="0" failures="0" name="UTestLink-20160831170201" tests="1" time="2.306">
	<testcase classname="UTestLink" name="test_close_12" time="2.306"/>
	<system-out>
<![CDATA[]]>	</system-out>
	<system-err>
<![CDATA[]]>	</system-err>
</testsuite>
